########################## FF Fitting Summary ###########################
--------------------------------------------
Program Version: 1.1.0
Short-range Functional Form: slater-ff
Combination Rules: aij = geometric
                   bij = geometric_mean
                   cij = geometric
Electrostatic Damping Type: None
Thole         Damping Type: thole-tinker
Thole Param: 0.33
Fitting weight: eff_mu = 0.0 Ha
                eff_kt = 0.0259 Ha
Weighted RMSE cutoff: 0.0 Ha
Anisotropic Atomtypes: N    
------------
Exponents (Optimized):
H(0)       2.119818
C(0)       1.939994
N(0)       2.110311
------------
Monomer 1 Multipole File:
pyridine_ISA-GRID_L2.mom
Monomer 2 Multipole File:
pyridine_ISA-GRID_L2.mom
--------------------------------------------
Exchange Parameters:
    Functional Form = 
	E(exch)_ij = A*K2(rij)*(1 + a_yml*Y_ml)*exp(-bij*rij)
    where the a coefficient for each spherical harmonic term Y_ml
    is listed in the parameters below and 
	K2(rij) = 1/3*(bij*rij)**2 + bij*rij + 1 
Fitted Atomtypes 
               A        
H(0)         0.424450
               A        
C(0)         2.244624
               A             a_y10           a_y20           a_y22c     
N(0)         1.541775       -1.000000        0.612747       -0.839073
Constrained Atomtypes 
  None
------------
Exchange RMS Error: 6.34645e-04
Exchange Weighted RMS Error: 3.78772e-04
Exchange Weighted Mean Signed Error: 1.15033e-05
Exchange Weighted Least-Squares Error: 9.61033e-05
--------------------------------------------
########################## FF Fitting Summary ###########################
--------------------------------------------
Program Version: 1.1.0
Short-range Functional Form: born-mayer
Combination Rules: aij = geometric
                   bij = geometric_mean
Electrostatic Damping Type: None
Thole Param: 0.33
Fitting weight: eff_mu = 0.0 Ha
                eff_kt = 0.0259 Ha
Weighted RMSE cutoff: 0.0 Ha
Anisotropic Atomtypes: N    
All parameters have been radially corrected to account for Slater overlap
This radial correction is approximate, and is only rigorous for the case where bi = bj.
------------
Exponents (Optimized):
H(0)       2.119818
C(0)       1.939994
N(0)       2.110311
------------
Monomer 1 Multipole File:
pyridine_ISA_L2.mom
Monomer 2 Multipole File:
pyridine_ISA_L2.mom
--------------------------------------------
Exchange Parameters:
    Functional Form = 
	E(exch)_ij = A*K2(rij)*(1 + a_yml*Y_ml)*exp(-bij*rij)
    where the a coefficient for each spherical harmonic term Y_ml
    is listed in the parameters below and 
	K2(rij) = 1/3*(bij*rij)**2 + bij*rij + 1 
Fitted Atomtypes 
               A        
H(0)         0.424450
               A        
C(0)         2.244624
               A             a_y10           a_y20           a_y22c     
N(0)         1.541775       -1.000000        0.612747       -0.839073
Constrained Atomtypes 
  None
------------
Exchange RMS Error: 6.34645e-04
Exchange Weighted RMS Error: 3.78772e-04
Exchange Weighted Mean Signed Error: 1.15033e-05
Exchange Weighted Least-Squares Error: 9.61033e-05
--------------------------------------------
Electrostatic Parameters:
    Functional Form = 
	E(elst)_ij = f_damp*qi*qj/rij - A*K2(rij)*(1 + a_yml*Y_ml)*exp(-bij*rij)
Fitted Atomtypes 
               A        
H(0)         0.182383
               A        
C(0)         1.421735
               A             a_y10           a_y20           a_y22c     
N(0)         1.007315       -1.000000        0.715037       -0.778451
Constrained Atomtypes 
  None
------------
Electrostatics RMS Error: 2.46881e-04
Electrostatics Weighted RMS Error: 1.75164e-04
Electrostatics Weighted Mean Signed Error: 1.66766e-05
Electrostatics Weighted Least-Squares Error: 3.47690e-05
--------------------------------------------
Drude oscillator energy has been calculated using the following method: multipole-gradient
Induction Parameters:
    Functional Form = 
	E(ind)_ij = shell_charge - A*K2(rij)*(1 + a_yml*Y_ml)*exp(-bij*rij)
Fitted Atomtypes 
               A        
H(0)         0.032989
               A        
C(0)         0.313818
               A             a_y10           a_y20           a_y22c     
N(0)         0.000000        0.546327       -0.232167        0.184632
Constrained Atomtypes 
  None
------------
Induction RMS Error: 1.75440e-04
Induction Weighted RMS Error: 1.32125e-04
Induction Weighted Mean Signed Error: 4.84152e-05
Induction Weighted Least-Squares Error: 1.57535e-05
--------------------------------------------
DHF Parameters:
    Functional Form = 
	E(dhf)_ij = - A*K2(rij)*(1 + a_yml*Y_ml)*exp(-bij*rij)
Fitted Atomtypes 
               A        
H(0)         0.137793
               A        
C(0)         0.568162
               A             a_y10           a_y20           a_y22c     
N(0)         0.383885       -1.000000        0.336640       -0.827635
Constrained Atomtypes 
  None
------------
Dhf RMS Error: 1.36805e-04
Dhf Weighted RMS Error: 8.45054e-05
Dhf Weighted Mean Signed Error: -9.08316e-06
Dhf Weighted Least-Squares Error: 9.71484e-06
--------------------------------------------
Dispersion Parameters:
    Functional Form = 
	E(disp)_ij = sum_(n=6,8,10,12){A*fdamp_n*(Cij_n/r_ij^n)}
               C6              C8             C10             C12       
H            1.498365        6.488286       33.240633      143.508377
C            5.315289       20.555612       99.173881      391.059721
N            4.242425       20.639587      150.575182      765.384698
Fitted Atomtypes 
               A        
H(0)         1.000000
               A        
C(0)         1.000000
               A             a_y10           a_y20           a_y22c     
N(0)         1.000000       -0.163375        0.092436       -0.169124
Constrained Atomtypes 
  None
------------
Dispersion RMS Error: 1.61515e-04
Dispersion Weighted RMS Error: 1.09295e-04
Dispersion Weighted Mean Signed Error: -4.00563e-05
Dispersion Weighted Least-Squares Error: 1.59366e-05
--------------------------------------------
Total Energy:
------------
Total Energy RMS Error: 4.50690e-04
Total Energy Weighted RMS Error: 2.30673e-04
Total Energy Weighted Mean Signed Error: 2.74556e-05
Total Energy Weighted Least-Squares Error: 9.22127e-05
--------------------------------------------
#########################################################################


