########################## FF Fitting Summary ###########################
--------------------------------------------
Program Version: 1.0.2
Short-range Functional Form: born-mayer
Combination Rules: aij = geometric_mean
                   bij = geometric_mean
Electrostatic Damping Type: None
Fitting weight: eff_mu = 0.0 Ha
                eff_kt = 0.0104 Ha
Weighted RMSE cutoff: 0.0 Ha
Anisotropic Atomtypes: N    
All parameters have been radially corrected to account for Slater overlap
This radial correction is approximate, and is only rigorous for the case where bi = bj.
------------
Exponents:
H(0)       2.221350
C(0)       2.062629
N(0)       2.258917
------------
Monomer 1 Multipole File:
pyridine_ISA_L2.mom
Monomer 2 Multipole File:
pyridine_ISA_L2.mom
--------------------------------------------
Exchange Parameters:
    Functional Form = 
	E(exch)_ij = A*K2(rij)*(1 + a_yml*Y_ml)*exp(-bij*rij)
    where the a coefficient for each spherical harmonic term Y_ml
    is listed in the parameters below and 
	K2(rij) = 1/3*(bij*rij)**2 + bij*rij + 1 
Fitted Atomtypes 
               A        
H(0)         0.498232
               A        
C(0)         3.232341
               A             a_y10           a_y20           a_y22c     
N(0)         0.466222      -10.000000        0.985215       -6.376604
Constrained Atomtypes 
  None
------------
Exchange RMS Error: 8.56879e-04
Exchange Weighted RMS Error: 3.51931e-04
Exchange Weighted Absolute Error: 1.41335e-04
Exchange Weighted Least-Squares Error: 5.58255e-05
--------------------------------------------
Electrostatic Parameters:
    Functional Form = 
	E(elst)_ij = f_damp*qi*qj/rij - A*K2(rij)*(1 + a_yml*Y_ml)*exp(-bij*rij)
Fitted Atomtypes 
               A        
H(0)         0.214885
               A        
C(0)         1.987427
               A             a_y10           a_y20           a_y22c     
N(0)         0.422764       -7.081985        0.550727       -3.861598
Constrained Atomtypes 
  None
------------
Electrostatics RMS Error: 2.31493e-04
Electrostatics Weighted RMS Error: 1.64373e-04
Electrostatics Weighted Absolute Error: -6.57882e-05
Electrostatics Weighted Least-Squares Error: 3.42878e-05
--------------------------------------------
Drude oscillator energy has been calculated using the following method: multipole-gradient
Induction Parameters:
    Functional Form = 
	E(ind)_ij = shell_charge - A*K2(rij)*(1 + a_yml*Y_ml)*exp(-bij*rij)
Fitted Atomtypes 
               A        
H(0)         0.144730
               A        
C(0)         0.350645
               A             a_y10           a_y20           a_y22c     
N(0)         0.398410        7.748674       10.000000       -4.380283
Constrained Atomtypes 
  None
------------
Induction RMS Error: 3.92645e-04
Induction Weighted RMS Error: 1.59668e-04
Induction Weighted Absolute Error: -3.65369e-05
Induction Weighted Least-Squares Error: 8.21592e-05
--------------------------------------------
DHF Parameters:
    Functional Form = 
	E(dhf)_ij = - A*K2(rij)*(1 + a_yml*Y_ml)*exp(-bij*rij)
Fitted Atomtypes 
               A        
H(0)         0.155791
               A        
C(0)         0.796609
               A             a_y10           a_y20           a_y22c     
N(0)         0.178841      -10.000000       -2.205625       -2.667521
Constrained Atomtypes 
  None
------------
Dhf RMS Error: 1.76796e-04
Dhf Weighted RMS Error: 9.15452e-05
Dhf Weighted Absolute Error: -3.21445e-05
Dhf Weighted Least-Squares Error: 1.69751e-05
--------------------------------------------
Dispersion Parameters:
    Functional Form = 
	E(disp)_ij = sum_(n=6,8,10,12){A*fdamp_n*(Cij_n/r_ij^n)}
               C6              C8             C10             C12       
H            1.498365        6.488286       33.240633      143.508377
C            5.315289       20.555612       99.173881      391.059721
N            4.242425       20.639587      150.575182      765.384698
Fitted Atomtypes 
               A        
H(0)         1.000000
               A        
C(0)         1.000000
               A             a_y10           a_y20           a_y22c     
N(0)         1.000000        0.110230        0.315838        0.030168
Constrained Atomtypes 
  None
------------
Dispersion RMS Error: 2.56131e-04
Dispersion Weighted RMS Error: 1.76901e-04
Dispersion Weighted Absolute Error: 1.60724e-06
Dispersion Weighted Least-Squares Error: 4.74113e-05
--------------------------------------------
Total Energy:
------------
Total Energy RMS Error: 6.73408e-04
Total Energy Weighted RMS Error: 2.52551e-04
Total Energy Weighted Absolute Error: 8.47237e-06
Total Energy Weighted Least-Squares Error: 1.73222e-04
--------------------------------------------
#########################################################################


